<?xml version="1.0" encoding="UTF-8"?>
<testsuite xmlns:xsi="http://www.w3.org/2001/XMLSchema-instance" xsi:noNamespaceSchemaLocation="https://maven.apache.org/surefire/maven-surefire-plugin/xsd/surefire-test-report.xsd" name="DealerTest" time="0.052" tests="5" errors="0" skipped="0" failures="0">
  <properties>
[...]
</properties>
  <testcase name="generateDeckTest" classname="DealerTest" time="0.016"/>
  <testcase name="dealHandTest" classname="DealerTest" time="0"/>
  <testcase name="handRandomnessTest" classname="DealerTest" time="0.022"/>
  <testcase name="shuffleDeckTest" classname="DealerTest" time="0.001"/>
  <testcase name="shuffleRandomnessTest" classname="DealerTest" time="0.006"/>
</testsuite>